d:\visual studio\сдп\huffman_coding\huffman_coding\debug\vc120.pdb
d:\visual studio\сдп\huffman_coding\huffman_coding\debug\vc120.idb
d:\visual studio\сдп\huffman_coding\huffman_coding\debug\btree.obj
d:\visual studio\сдп\huffman_coding\huffman_coding\debug\huffmandecoder.obj
d:\visual studio\сдп\huffman_coding\huffman_coding\debug\huffmanencoder.obj
d:\visual studio\сдп\huffman_coding\huffman_coding\debug\source.obj
p:\visual studio\сдп\huffman_coding\huffman_coding\debug\vc120.pdb
p:\visual studio\сдп\huffman_coding\huffman_coding\debug\vc120.idb
d:\visual studio\сдп\huffman_coding\debug\huffman_coding.ilk
d:\visual studio\сдп\huffman_coding\debug\huffman_coding.exe
d:\visual studio\сдп\huffman_coding\debug\huffman_coding.pdb
p:\visual studio\сдп\huffman_coding\huffman_coding\debug\source.obj
p:\visual studio\сдп\huffman_coding\huffman_coding\debug\btree.obj
p:\visual studio\сдп\huffman_coding\huffman_coding\debug\huffmandecoder.obj
p:\visual studio\сдп\huffman_coding\huffman_coding\debug\vc120 [conflicted 7].idb
p:\visual studio\сдп\huffman_coding\huffman_coding\debug\vc120 [conflicted 7].pdb
p:\visual studio\сдп\huffman_coding\debug\huffman_coding.pdb
p:\visual studio\сдп\huffman_coding\debug\huffman_coding.exe
p:\visual studio\сдп\huffman_coding\debug\huffman_coding.ilk
p:\visual studio\сдп\huffman_coding\huffman_coding\debug\huffman_coding.tlog\cl.command.1.tlog
p:\visual studio\сдп\huffman_coding\huffman_coding\debug\huffman_coding.tlog\cl.write.1.tlog
p:\visual studio\сдп\huffman_coding\huffman_coding\debug\huffman_coding.tlog\cl.read.1.tlog
p:\visual studio\сдп\huffman_coding\huffman_coding\debug\huffman_coding.tlog\link.read.1.tlog
p:\visual studio\сдп\huffman_coding\huffman_coding\debug\huffman_coding.tlog\link.write.1.tlog
p:\visual studio\сдп\huffman_coding\huffman_coding\debug\huffman_coding.tlog\link.command.1.tlog
