Build started 4.2.2017 г. 18:04:29 ч..
     1>Project "D:\Programi\programming\Project1\Project1\Project1.vcxproj" on node 2 (Build target(s)).
     1>ClCompile:
         D:\Programi\visual studio\VC\bin\CL.exe /c /ZI /nologo /W3 /WX- /sdl /Od /Oy- /D _MBCS /Gm /EHsc /RTC1 /MDd /GS /fp:precise /Zc:wchar_t /Zc:forScope /Zc:inline /Fo"Debug\\" /Fd"Debug\vc140.pdb" /Gd /TP /analyze- /errorReport:prompt Source.cpp
         Source.cpp
     1>d:\programi\programming\project1\project1\source.cpp(251): warning C4244: '+=': conversion from 'float' to 'int', possible loss of data
         d:\programi\programming\project1\project1\source.cpp(246): note: while compiling class template member function 'void calcStack<float>::handleNumber(int &,std::string)'
         d:\programi\programming\project1\project1\source.cpp(615): note: see reference to function template instantiation 'void calcStack<float>::handleNumber(int &,std::string)' being compiled
         d:\programi\programming\project1\project1\source.cpp(731): note: see reference to class template instantiation 'calcStack<float>' being compiled
     1>d:\programi\programming\project1\project1\source.cpp(254): warning C4244: 'argument': conversion from 'int' to 'const float', possible loss of data
     1>d:\programi\programming\project1\project1\source.cpp(232): warning C4244: 'initializing': conversion from 'double' to 'float', possible loss of data
         d:\programi\programming\project1\project1\source.cpp(230): note: while compiling class template member function 'float calcStack<float>::numbrWithADecimalPoint(T,T)'
                 with
                 [
                     T=float
                 ]
         d:\programi\programming\project1\project1\source.cpp(350): note: see reference to function template instantiation 'float calcStack<float>::numbrWithADecimalPoint(T,T)' being compiled
                 with
                 [
                     T=float
                 ]
     1>d:\programi\programming\project1\project1\source.cpp(212): warning C4244: 'return': conversion from 'double' to 'float', possible loss of data
         d:\programi\programming\project1\project1\source.cpp(211): note: while compiling class template member function 'float calcStack<float>::cosineOfDegrees(T)'
                 with
                 [
                     T=float
                 ]
         d:\programi\programming\project1\project1\source.cpp(376): note: see reference to function template instantiation 'float calcStack<float>::cosineOfDegrees(T)' being compiled
                 with
                 [
                     T=float
                 ]
     1>d:\programi\programming\project1\project1\source.cpp(208): warning C4244: 'return': conversion from 'double' to 'float', possible loss of data
         d:\programi\programming\project1\project1\source.cpp(207): note: while compiling class template member function 'float calcStack<float>::sineOfDegrees(T)'
                 with
                 [
                     T=float
                 ]
         d:\programi\programming\project1\project1\source.cpp(371): note: see reference to function template instantiation 'float calcStack<float>::sineOfDegrees(T)' being compiled
                 with
                 [
                     T=float
                 ]
       Link:
         D:\Programi\visual studio\VC\bin\link.exe /ERRORREPORT:PROMPT /OUT:"D:\Programi\programming\Project1\Debug\Project1.exe" /INCREMENTAL /NOLOGO kernel32.lib user32.lib gdi32.lib winspool.lib comdlg32.lib advapi32.lib shell32.lib ole32.lib oleaut32.lib uuid.lib odbc32.lib odbccp32.lib /MANIFEST /MANIFESTUAC:"level='asInvoker' uiAccess='false'" /manifest:embed /Debug /PDB:"D:\Programi\programming\Project1\Debug\Project1.pdb" /TLBID:1 /DYNAMICBASE /NXCOMPAT /IMPLIB:"D:\Programi\programming\Project1\Debug\Project1.lib" /MACHINE:X86 Debug\Source.obj
         Project1.vcxproj -> D:\Programi\programming\Project1\Debug\Project1.exe
     1>Done Building Project "D:\Programi\programming\Project1\Project1\Project1.vcxproj" (Build target(s)).

Build succeeded.

Time Elapsed 00:00:06.31
